app/build/outputs/logs/manifest-merger-debug-report.txt
-- Merging decision tree log ---
manifest
ADDED from src/main/AndroidManifest.xml:2:1-26:12
	package
		ADDED from src/main/AndroidManifest.xml:3:5-37
		INJECTED from src/main/AndroidManifest.xml
		INJECTED from src/main/AndroidManifest.xml
	android:versionName
		INJECTED from src/main/AndroidManifest.xml
		INJECTED from src/main/AndroidManifest.xml
	xmlns:android
		ADDED from src/main/AndroidManifest.xml:2:11-69
	android:versionCode
		INJECTED from src/main/AndroidManifest.xml
		INJECTED from src/main/AndroidManifest.xml
uses-permission#android.permission.ACCESS_NETWORK_STATE
ADDED from src/main/AndroidManifest.xml:5:5-79
	android:name
		ADDED from src/main/AndroidManifest.xml:5:22-76
uses-permission#android.permission.INTERNET
ADDED from src/main/AndroidManifest.xml:6:5-67
	android:name
		ADDED from src/main/AndroidManifest.xml:6:22-64
application
ADDED from src/main/AndroidManifest.xml:8:5-24:19
MERGED from [com.android.support:design:24.2.1] AndroidManifest.xml:22:5-20
MERGED from [com.android.support:appcompat-v7:24.2.1] AndroidManifest.xml:25:5-20
MERGED from [com.android.support:support-v4:24.2.1] AndroidManifest.xml:25:5-20
MERGED from [com.android.support:support-fragment:24.2.1] AndroidManifest.xml:25:5-20
MERGED from [com.android.support:support-media-compat:24.2.1] AndroidManifest.xml:25:5-20
MERGED from [com.android.support:support-core-utils:24.2.1] AndroidManifest.xml:25:5-20
MERGED from [com.android.support:animated-vector-drawable:24.2.1] AndroidManifest.xml:22:5-20
MERGED from [com.android.support:support-vector-drawable:24.2.1] AndroidManifest.xml:23:5-20
MERGED from [com.android.support:support-core-ui:24.2.1] AndroidManifest.xml:25:5-20
MERGED from [com.android.support:support-compat:24.2.1] AndroidManifest.xml:25:5-20
MERGED from [com.android.support:cardview-v7:24.2.1] AndroidManifest.xml:22:5-20
	android:label
		ADDED from src/main/AndroidManifest.xml:11:9-41
	android:supportsRtl
		ADDED from src/main/AndroidManifest.xml:12:9-35
	android:allowBackup
		ADDED from src/main/AndroidManifest.xml:9:9-35
	android:icon
		ADDED from src/main/AndroidManifest.xml:10:9-43
	android:theme
		ADDED from src/main/AndroidManifest.xml:13:9-65
activity#com.fuppy.fuppyandroid.SearchActivity
ADDED from src/main/AndroidManifest.xml:14:9-20:20
	android:name
		ADDED from src/main/AndroidManifest.xml:14:19-49
intent-filter#android.intent.action.MAIN+android.intent.category.LAUNCHER
ADDED from src/main/AndroidManifest.xml:15:13-19:29
action#android.intent.action.MAIN
ADDED from src/main/AndroidManifest.xml:16:17-69
	android:name
		ADDED from src/main/AndroidManifest.xml:16:25-66
category#android.intent.category.LAUNCHER
ADDED from src/main/AndroidManifest.xml:18:17-77
	android:name
		ADDED from src/main/AndroidManifest.xml:18:27-74
activity#com.fuppy.fuppyandroid.DisplaySearchResultActivity
ADDED from src/main/AndroidManifest.xml:21:9-64
	android:name
		ADDED from src/main/AndroidManifest.xml:21:19-62
activity#com.fuppy.fuppyandroid.DisplayPetDetailActivity
ADDED from src/main/AndroidManifest.xml:22:9-62
	android:name
		ADDED from src/main/AndroidManifest.xml:22:19-59
activity#com.fuppy.fuppyandroid.ShelterInfoActivity
ADDED from src/main/AndroidManifest.xml:23:9-57
	android:name
		ADDED from src/main/AndroidManifest.xml:23:19-54
uses-sdk
INJECTED from src/main/AndroidManifest.xml reason: use-sdk injection requested
MERGED from [com.android.support:design:24.2.1] AndroidManifest.xml:20:5-43
MERGED from [com.android.support:appcompat-v7:24.2.1] AndroidManifest.xml:21:5-23:78
MERGED from [com.android.support:support-v4:24.2.1] AndroidManifest.xml:21:5-23:54
MERGED from [com.android.support:support-fragment:24.2.1] AndroidManifest.xml:21:5-23:60
MERGED from [com.android.support:support-media-compat:24.2.1] AndroidManifest.xml:21:5-23:63
MERGED from [com.android.support:support-core-utils:24.2.1] AndroidManifest.xml:21:5-23:61
MERGED from [com.android.support:animated-vector-drawable:24.2.1] AndroidManifest.xml:20:5-44
MERGED from [com.android.support:support-vector-drawable:24.2.1] AndroidManifest.xml:21:5-43
MERGED from [com.android.support:recyclerview-v7:24.2.1] AndroidManifest.xml:20:5-43
MERGED from [com.android.support:support-core-ui:24.2.1] AndroidManifest.xml:21:5-23:58
MERGED from [com.android.support:support-compat:24.2.1] AndroidManifest.xml:21:5-23:58
MERGED from [com.android.support:cardview-v7:24.2.1] AndroidManifest.xml:20:5-43
	tools:overrideLibrary
		ADDED from [com.android.support:appcompat-v7:24.2.1] AndroidManifest.xml:23:9-75
	android:targetSdkVersion
		INJECTED from src/main/AndroidManifest.xml
		INJECTED from src/main/AndroidManifest.xml
	android:minSdkVersion
		INJECTED from src/main/AndroidManifest.xml
		INJECTED from src/main/AndroidManifest.xml